<?xml version="1.0" encoding="UTF-8"?>
<!-- Generated by org.testng.reporters.JUnitXMLReporter -->
<testsuite hostname="LAPTOP-L8O5THTG" ignored="0" name="testconcepts.Tc01_annotation" tests="2" failures="1" timestamp="06 Apr 2023 23:13:38 GMT" time="0.081" errors="0">
  <testcase name="display" time="0.012" classname="testconcepts.Tc01_annotation"/>
  <testcase name="assertion" time="0.02" classname="testconcepts.Tc01_annotation">
    <failure type="java.lang.AssertionError" message="The following asserts failed:
	status is false expected [true] but found [false],
	values are different expected [50] but found [100]">
      <![CDATA[java.lang.AssertionError: The following asserts failed:
status is false expected [true] but found [false],
values are different expected [50] but found [100]
at testconcepts.Tc01_annotation.assertion(Tc01_annotation.java:35)
... Removed 26 stack frames]]>
    </failure>
  </testcase> <!-- assertion -->
</testsuite> <!-- testconcepts.Tc01_annotation -->
