<?xml version="1.0" encoding="UTF-8"?>
<!-- Generated by org.testng.reporters.JUnitXMLReporter -->
<testsuite hostname="LAPTOP-L8O5THTG" ignored="0" name="TC004_orangehrmapplication" tests="2" failures="1" timestamp="02 Mar 2023 15:30:47 GMT" time="12.711" errors="0">
  <testcase name="gettitle" time="0.018" classname="testngconcepts.TC004_orangehrmapplication"/>
  <testcase name="forgotpassword" time="1.494" classname="testngconcepts.TC004_orangehrmapplication">
    <failure type="java.lang.AssertionError" message="Reset page not opened expected [Reset Password] but found [[[ChromeDriver: chrome on WINDOWS (ba58bc6562d1aacc48619d25e0017def)] -&amp;gt; xpath: //button[@type = &amp;apos;submit&amp;apos;]]]">
      <![CDATA[java.lang.AssertionError: Reset page not opened expected [Reset Password] but found [[[ChromeDriver: chrome on WINDOWS (ba58bc6562d1aacc48619d25e0017def)] -> xpath: //button[@type = 'submit']]]
at testngconcepts.TC004_orangehrmapplication.forgotpassword(TC004_orangehrmapplication.java:63)
... Removed 29 stack frames]]>
    </failure>
  </testcase> <!-- forgotpassword -->
</testsuite> <!-- TC004_orangehrmapplication -->
